03-Jan-2018 17:44:02.420 INFO [main] org.apache.catalina.startup.VersionLoggerListener.log Server version:        Apache Tomcat/9.0.2
03-Jan-2018 17:44:02.423 INFO [main] org.apache.catalina.startup.VersionLoggerListener.log Server built:          Nov 25 2017 21:08:02 UTC
03-Jan-2018 17:44:02.423 INFO [main] org.apache.catalina.startup.VersionLoggerListener.log Server number:         9.0.2.0
03-Jan-2018 17:44:02.423 INFO [main] org.apache.catalina.startup.VersionLoggerListener.log OS Name:               Mac OS X
03-Jan-2018 17:44:02.424 INFO [main] org.apache.catalina.startup.VersionLoggerListener.log OS Version:            10.13.2
03-Jan-2018 17:44:02.425 INFO [main] org.apache.catalina.startup.VersionLoggerListener.log Architecture:          x86_64
03-Jan-2018 17:44:02.425 INFO [main] org.apache.catalina.startup.VersionLoggerListener.log Java Home:             /Library/Java/JavaVirtualMachines/jdk1.8.0_151.jdk/Contents/Home/jre
03-Jan-2018 17:44:02.426 INFO [main] org.apache.catalina.startup.VersionLoggerListener.log JVM Version:           1.8.0_151-b12
03-Jan-2018 17:44:02.426 INFO [main] org.apache.catalina.startup.VersionLoggerListener.log JVM Vendor:            Oracle Corporation
03-Jan-2018 17:44:02.427 INFO [main] org.apache.catalina.startup.VersionLoggerListener.log CATALINA_BASE:         /Users/Admin/Desktop/codingdojo/Java/tomcat/apache-tomcat-9.0.2
03-Jan-2018 17:44:02.427 INFO [main] org.apache.catalina.startup.VersionLoggerListener.log CATALINA_HOME:         /Users/Admin/Desktop/codingdojo/Java/tomcat/apache-tomcat-9.0.2
03-Jan-2018 17:44:02.428 INFO [main] org.apache.catalina.startup.VersionLoggerListener.log Command line argument: -Djava.util.logging.config.file=/Users/Admin/Desktop/codingdojo/Java/tomcat/apache-tomcat-9.0.2/conf/logging.properties
03-Jan-2018 17:44:02.428 INFO [main] org.apache.catalina.startup.VersionLoggerListener.log Command line argument: -Djava.util.logging.manager=org.apache.juli.ClassLoaderLogManager
03-Jan-2018 17:44:02.428 INFO [main] org.apache.catalina.startup.VersionLoggerListener.log Command line argument: -Djdk.tls.ephemeralDHKeySize=2048
03-Jan-2018 17:44:02.428 INFO [main] org.apache.catalina.startup.VersionLoggerListener.log Command line argument: -Djava.protocol.handler.pkgs=org.apache.catalina.webresources
03-Jan-2018 17:44:02.429 INFO [main] org.apache.catalina.startup.VersionLoggerListener.log Command line argument: -Dignore.endorsed.dirs=
03-Jan-2018 17:44:02.429 INFO [main] org.apache.catalina.startup.VersionLoggerListener.log Command line argument: -Dcatalina.base=/Users/Admin/Desktop/codingdojo/Java/tomcat/apache-tomcat-9.0.2
03-Jan-2018 17:44:02.429 INFO [main] org.apache.catalina.startup.VersionLoggerListener.log Command line argument: -Dcatalina.home=/Users/Admin/Desktop/codingdojo/Java/tomcat/apache-tomcat-9.0.2
03-Jan-2018 17:44:02.429 INFO [main] org.apache.catalina.startup.VersionLoggerListener.log Command line argument: -Djava.io.tmpdir=/Users/Admin/Desktop/codingdojo/Java/tomcat/apache-tomcat-9.0.2/temp
03-Jan-2018 17:44:02.429 INFO [main] org.apache.catalina.core.AprLifecycleListener.lifecycleEvent The APR based Apache Tomcat Native library which allows optimal performance in production environments was not found on the java.library.path: [/Users/Admin/Library/Java/Extensions:/Library/Java/Extensions:/Network/Library/Java/Extensions:/System/Library/Java/Extensions:/usr/lib/java:.]
03-Jan-2018 17:44:02.896 INFO [main] org.apache.coyote.AbstractProtocol.init Initializing ProtocolHandler ["http-nio-8080"]
03-Jan-2018 17:44:02.928 INFO [main] org.apache.tomcat.util.net.NioSelectorPool.getSharedSelector Using a shared selector for servlet write/read
03-Jan-2018 17:44:02.937 INFO [main] org.apache.coyote.AbstractProtocol.init Initializing ProtocolHandler ["ajp-nio-8009"]
03-Jan-2018 17:44:02.939 INFO [main] org.apache.tomcat.util.net.NioSelectorPool.getSharedSelector Using a shared selector for servlet write/read
03-Jan-2018 17:44:02.939 INFO [main] org.apache.catalina.startup.Catalina.load Initialization processed in 1424 ms
03-Jan-2018 17:44:03.007 INFO [main] org.apache.catalina.core.StandardService.startInternal Starting service [Catalina]
03-Jan-2018 17:44:03.008 INFO [main] org.apache.catalina.core.StandardEngine.startInternal Starting Servlet Engine: Apache Tomcat/9.0.2
03-Jan-2018 17:44:03.018 INFO [main] org.apache.catalina.startup.HostConfig.deployDirectory Deploying web application directory [/Users/Admin/Desktop/codingdojo/Java/tomcat/apache-tomcat-9.0.2/webapps/docs]
03-Jan-2018 17:44:03.900 INFO [main] org.apache.catalina.startup.HostConfig.deployDirectory Deployment of web application directory [/Users/Admin/Desktop/codingdojo/Java/tomcat/apache-tomcat-9.0.2/webapps/docs] has finished in [882] ms
03-Jan-2018 17:44:03.901 INFO [main] org.apache.catalina.startup.HostConfig.deployDirectory Deploying web application directory [/Users/Admin/Desktop/codingdojo/Java/tomcat/apache-tomcat-9.0.2/webapps/examples]
03-Jan-2018 17:44:04.579 INFO [main] org.apache.catalina.startup.HostConfig.deployDirectory Deployment of web application directory [/Users/Admin/Desktop/codingdojo/Java/tomcat/apache-tomcat-9.0.2/webapps/examples] has finished in [678] ms
03-Jan-2018 17:44:04.580 INFO [main] org.apache.catalina.startup.HostConfig.deployDirectory Deploying web application directory [/Users/Admin/Desktop/codingdojo/Java/tomcat/apache-tomcat-9.0.2/webapps/host-manager]
03-Jan-2018 17:44:04.630 INFO [main] org.apache.catalina.startup.HostConfig.deployDirectory Deployment of web application directory [/Users/Admin/Desktop/codingdojo/Java/tomcat/apache-tomcat-9.0.2/webapps/host-manager] has finished in [50] ms
03-Jan-2018 17:44:04.630 INFO [main] org.apache.catalina.startup.HostConfig.deployDirectory Deploying web application directory [/Users/Admin/Desktop/codingdojo/Java/tomcat/apache-tomcat-9.0.2/webapps/manager]
03-Jan-2018 17:44:04.665 INFO [main] org.apache.catalina.startup.HostConfig.deployDirectory Deployment of web application directory [/Users/Admin/Desktop/codingdojo/Java/tomcat/apache-tomcat-9.0.2/webapps/manager] has finished in [35] ms
03-Jan-2018 17:44:04.666 INFO [main] org.apache.catalina.startup.HostConfig.deployDirectory Deploying web application directory [/Users/Admin/Desktop/codingdojo/Java/tomcat/apache-tomcat-9.0.2/webapps/ROOT]
03-Jan-2018 17:44:04.697 INFO [main] org.apache.catalina.startup.HostConfig.deployDirectory Deployment of web application directory [/Users/Admin/Desktop/codingdojo/Java/tomcat/apache-tomcat-9.0.2/webapps/ROOT] has finished in [32] ms
03-Jan-2018 17:44:04.730 INFO [main] org.apache.coyote.AbstractProtocol.start Starting ProtocolHandler ["http-nio-8080"]
03-Jan-2018 17:44:04.747 INFO [main] org.apache.coyote.AbstractProtocol.start Starting ProtocolHandler ["ajp-nio-8009"]
03-Jan-2018 17:44:04.750 INFO [main] org.apache.catalina.startup.Catalina.start Server startup in 1810 ms
03-Jan-2018 17:53:14.968 INFO [ContainerBackgroundProcessor[StandardEngine[Catalina]]] org.apache.catalina.startup.HostConfig.undeploy Undeploying context []
03-Jan-2018 17:53:15.023 INFO [ContainerBackgroundProcessor[StandardEngine[Catalina]]] org.apache.catalina.startup.HostConfig.undeploy Undeploying context [/examples]
03-Jan-2018 17:53:15.029 INFO [ContainerBackgroundProcessor[StandardEngine[Catalina]]] org.apache.catalina.startup.HostConfig.undeploy Undeploying context [/host-manager]
03-Jan-2018 17:53:15.032 INFO [ContainerBackgroundProcessor[StandardEngine[Catalina]]] org.apache.catalina.startup.HostConfig.undeploy Undeploying context [/manager]
03-Jan-2018 17:53:15.036 INFO [ContainerBackgroundProcessor[StandardEngine[Catalina]]] org.apache.catalina.startup.HostConfig.undeploy Undeploying context [/docs]
03-Jan-2018 17:53:15.040 INFO [ContainerBackgroundProcessor[StandardEngine[Catalina]]] org.apache.catalina.startup.HostConfig.deployDirectory Deploying web application directory [/Users/Admin/Desktop/codingdojo/Java/tomcat/apache-tomcat-9.0.2/webapps/docs]
03-Jan-2018 17:53:15.095 INFO [ContainerBackgroundProcessor[StandardEngine[Catalina]]] org.apache.catalina.startup.HostConfig.deployDirectory Deployment of web application directory [/Users/Admin/Desktop/codingdojo/Java/tomcat/apache-tomcat-9.0.2/webapps/docs] has finished in [55] ms
03-Jan-2018 17:53:15.095 INFO [ContainerBackgroundProcessor[StandardEngine[Catalina]]] org.apache.catalina.startup.HostConfig.deployDirectory Deploying web application directory [/Users/Admin/Desktop/codingdojo/Java/tomcat/apache-tomcat-9.0.2/webapps/examples]
03-Jan-2018 17:53:15.387 INFO [ContainerBackgroundProcessor[StandardEngine[Catalina]]] org.apache.catalina.startup.HostConfig.deployDirectory Deployment of web application directory [/Users/Admin/Desktop/codingdojo/Java/tomcat/apache-tomcat-9.0.2/webapps/examples] has finished in [292] ms
03-Jan-2018 17:53:15.387 INFO [ContainerBackgroundProcessor[StandardEngine[Catalina]]] org.apache.catalina.startup.HostConfig.deployDirectory Deploying web application directory [/Users/Admin/Desktop/codingdojo/Java/tomcat/apache-tomcat-9.0.2/webapps/host-manager]
03-Jan-2018 17:53:15.413 INFO [ContainerBackgroundProcessor[StandardEngine[Catalina]]] org.apache.catalina.startup.HostConfig.deployDirectory Deployment of web application directory [/Users/Admin/Desktop/codingdojo/Java/tomcat/apache-tomcat-9.0.2/webapps/host-manager] has finished in [26] ms
03-Jan-2018 17:53:15.414 INFO [ContainerBackgroundProcessor[StandardEngine[Catalina]]] org.apache.catalina.startup.HostConfig.deployDirectory Deploying web application directory [/Users/Admin/Desktop/codingdojo/Java/tomcat/apache-tomcat-9.0.2/webapps/manager]
03-Jan-2018 17:53:15.437 INFO [ContainerBackgroundProcessor[StandardEngine[Catalina]]] org.apache.catalina.startup.HostConfig.deployDirectory Deployment of web application directory [/Users/Admin/Desktop/codingdojo/Java/tomcat/apache-tomcat-9.0.2/webapps/manager] has finished in [23] ms
03-Jan-2018 17:53:15.438 INFO [ContainerBackgroundProcessor[StandardEngine[Catalina]]] org.apache.catalina.startup.HostConfig.deployDirectory Deploying web application directory [/Users/Admin/Desktop/codingdojo/Java/tomcat/apache-tomcat-9.0.2/webapps/PetsDemo]
03-Jan-2018 17:53:15.481 INFO [ContainerBackgroundProcessor[StandardEngine[Catalina]]] org.apache.catalina.startup.HostConfig.deployDirectory Deployment of web application directory [/Users/Admin/Desktop/codingdojo/Java/tomcat/apache-tomcat-9.0.2/webapps/PetsDemo] has finished in [44] ms
03-Jan-2018 17:53:15.481 INFO [ContainerBackgroundProcessor[StandardEngine[Catalina]]] org.apache.catalina.startup.HostConfig.deployDirectory Deploying web application directory [/Users/Admin/Desktop/codingdojo/Java/tomcat/apache-tomcat-9.0.2/webapps/ROOT]
03-Jan-2018 17:53:15.496 INFO [ContainerBackgroundProcessor[StandardEngine[Catalina]]] org.apache.catalina.startup.HostConfig.deployDirectory Deployment of web application directory [/Users/Admin/Desktop/codingdojo/Java/tomcat/apache-tomcat-9.0.2/webapps/ROOT] has finished in [15] ms
03-Jan-2018 17:53:51.206 INFO [main] org.apache.catalina.core.StandardServer.await A valid shutdown command was received via the shutdown port. Stopping the Server instance.
03-Jan-2018 17:53:51.207 INFO [main] org.apache.coyote.AbstractProtocol.pause Pausing ProtocolHandler ["http-nio-8080"]
03-Jan-2018 17:53:53.213 INFO [main] org.apache.coyote.AbstractProtocol.pause Pausing ProtocolHandler ["ajp-nio-8009"]
03-Jan-2018 17:53:55.219 INFO [main] org.apache.catalina.core.StandardService.stopInternal Stopping service [Catalina]
03-Jan-2018 17:53:55.271 INFO [main] org.apache.coyote.AbstractProtocol.stop Stopping ProtocolHandler ["http-nio-8080"]
03-Jan-2018 17:53:55.276 INFO [main] org.apache.coyote.AbstractProtocol.stop Stopping ProtocolHandler ["ajp-nio-8009"]
03-Jan-2018 17:53:55.277 INFO [main] org.apache.coyote.AbstractProtocol.destroy Destroying ProtocolHandler ["http-nio-8080"]
03-Jan-2018 17:53:55.278 SEVERE [main] org.apache.catalina.util.LifecycleBase.handleSubClassException Failed to destroy component [Connector[HTTP/1.1-8080]]
 org.apache.catalina.LifecycleException: Protocol handler destroy failed
	at org.apache.catalina.connector.Connector.destroyInternal(Connector.java:994)
	at org.apache.catalina.util.LifecycleBase.destroy(LifecycleBase.java:322)
	at org.apache.catalina.core.StandardService.destroyInternal(StandardService.java:543)
	at org.apache.catalina.util.LifecycleBase.destroy(LifecycleBase.java:322)
	at org.apache.catalina.core.StandardServer.destroyInternal(StandardServer.java:860)
	at org.apache.catalina.util.LifecycleBase.destroy(LifecycleBase.java:322)
	at org.apache.catalina.startup.Catalina.stop(Catalina.java:745)
	at org.apache.catalina.startup.Catalina.start(Catalina.java:706)
	at sun.reflect.NativeMethodAccessorImpl.invoke0(Native Method)
	at sun.reflect.NativeMethodAccessorImpl.invoke(NativeMethodAccessorImpl.java:62)
	at sun.reflect.DelegatingMethodAccessorImpl.invoke(DelegatingMethodAccessorImpl.java:43)
	at java.lang.reflect.Method.invoke(Method.java:498)
	at org.apache.catalina.startup.Bootstrap.start(Bootstrap.java:353)
	at org.apache.catalina.startup.Bootstrap.main(Bootstrap.java:493)
Caused by: java.io.IOException: Thread signal failed
	at sun.nio.ch.NativeThread.signal(Native Method)
	at sun.nio.ch.ServerSocketChannelImpl.implCloseSelectableChannel(ServerSocketChannelImpl.java:292)
	at java.nio.channels.spi.AbstractSelectableChannel.implCloseChannel(AbstractSelectableChannel.java:234)
	at java.nio.channels.spi.AbstractInterruptibleChannel.close(AbstractInterruptibleChannel.java:115)
	at sun.nio.ch.ServerSocketAdaptor.close(ServerSocketAdaptor.java:137)
	at org.apache.tomcat.util.net.NioEndpoint.unbind(NioEndpoint.java:313)
	at org.apache.tomcat.util.net.AbstractEndpoint.destroy(AbstractEndpoint.java:1163)
	at org.apache.coyote.AbstractProtocol.destroy(AbstractProtocol.java:611)
	at org.apache.catalina.connector.Connector.destroyInternal(Connector.java:990)
	... 13 more

03-Jan-2018 17:53:55.280 INFO [main] org.apache.coyote.AbstractProtocol.destroy Destroying ProtocolHandler ["ajp-nio-8009"]
